#! /c/Source/iverilog-install/bin/vvp
:ivl_version "12.0 (devel)" "(s20150603-1539-g2693dd32b)";
:ivl_delay_selection "TYPICAL";
:vpi_time_precision + 0;
:vpi_module "C:\iverilog\lib\ivl\system.vpi";
:vpi_module "C:\iverilog\lib\ivl\vhdl_sys.vpi";
:vpi_module "C:\iverilog\lib\ivl\vhdl_textio.vpi";
:vpi_module "C:\iverilog\lib\ivl\v2005_math.vpi";
:vpi_module "C:\iverilog\lib\ivl\va_math.vpi";
S_000002497d645f40 .scope module, "dec_3x8" "dec_3x8" 2 21;
 .timescale 0 0;
    .port_info 0 /OUTPUT 8 "not_y";
    .port_info 1 /OUTPUT 8 "y";
    .port_info 2 /INPUT 3 "in";
    .port_info 3 /INPUT 1 "en";
o000002497d64afd8 .functor BUFZ 1, C4<z>; HiZ drive
v000002497d58bf10_0 .net "en", 0 0, o000002497d64afd8;  0 drivers
o000002497d64b008 .functor BUFZ 3, C4<zzz>; HiZ drive
v000002497d586e90_0 .net "in", 2 0, o000002497d64b008;  0 drivers
v000002497d643b00_0 .var "not_y", 7 0;
v000002497d643ba0_0 .var "y", 7 0;
E_000002497d637fa0 .event anyedge, v000002497d58bf10_0, v000002497d586e90_0;
S_000002497d6460d0 .scope module, "mux_2x1" "mux_2x1" 2 5;
 .timescale 0 0;
    .port_info 0 /OUTPUT 3 "y";
    .port_info 1 /INPUT 3 "a";
    .port_info 2 /INPUT 3 "b";
    .port_info 3 /INPUT 1 "sel";
o000002497d64b158 .functor BUFZ 3, C4<zzz>; HiZ drive
v000002497d643c40_0 .net "a", 2 0, o000002497d64b158;  0 drivers
o000002497d64b188 .functor BUFZ 3, C4<zzz>; HiZ drive
v000002497d643ce0_0 .net "b", 2 0, o000002497d64b188;  0 drivers
o000002497d64b1b8 .functor BUFZ 1, C4<z>; HiZ drive
v000002497d643d80_0 .net "sel", 0 0, o000002497d64b1b8;  0 drivers
v000002497d643e20_0 .var "y", 2 0;
E_000002497d637d20 .event anyedge, v000002497d643d80_0, v000002497d643ce0_0, v000002497d643c40_0;
    .scope S_000002497d645f40;
T_0 ;
    %wait E_000002497d637fa0;
    %load/vec4 v000002497d58bf10_0;
    %pad/u 32;
    %cmpi/e 0, 0, 32;
    %jmp/0xz  T_0.0, 4;
    %load/vec4 v000002497d586e90_0;
    %parti/s 1, 2, 3;
    %pushi/vec4 0, 0, 1;
    %cmp/e;
    %flag_get/vec4 4;
    %load/vec4 v000002497d586e90_0;
    %parti/s 1, 1, 2;
    %pushi/vec4 0, 0, 1;
    %cmp/e;
    %flag_get/vec4 4;
    %and;
    %load/vec4 v000002497d586e90_0;
    %parti/s 1, 0, 2;
    %pushi/vec4 0, 0, 1;
    %cmp/e;
    %flag_get/vec4 4;
    %and;
    %flag_set/vec4 8;
    %jmp/0xz  T_0.2, 8;
    %pushi/vec4 254, 0, 8;
    %store/vec4 v000002497d643ba0_0, 0, 8;
    %jmp T_0.3;
T_0.2 ;
    %load/vec4 v000002497d586e90_0;
    %parti/s 1, 2, 3;
    %pushi/vec4 0, 0, 1;
    %cmp/e;
    %flag_get/vec4 4;
    %load/vec4 v000002497d586e90_0;
    %parti/s 1, 1, 2;
    %pushi/vec4 0, 0, 1;
    %cmp/e;
    %flag_get/vec4 4;
    %and;
    %load/vec4 v000002497d586e90_0;
    %parti/s 1, 0, 2;
    %pushi/vec4 1, 0, 1;
    %cmp/e;
    %flag_get/vec4 4;
    %and;
    %flag_set/vec4 8;
    %jmp/0xz  T_0.4, 8;
    %pushi/vec4 253, 0, 8;
    %store/vec4 v000002497d643ba0_0, 0, 8;
    %jmp T_0.5;
T_0.4 ;
    %load/vec4 v000002497d586e90_0;
    %parti/s 1, 2, 3;
    %pushi/vec4 0, 0, 1;
    %cmp/e;
    %flag_get/vec4 4;
    %load/vec4 v000002497d586e90_0;
    %parti/s 1, 1, 2;
    %pushi/vec4 1, 0, 1;
    %cmp/e;
    %flag_get/vec4 4;
    %and;
    %load/vec4 v000002497d586e90_0;
    %parti/s 1, 0, 2;
    %pushi/vec4 0, 0, 1;
    %cmp/e;
    %flag_get/vec4 4;
    %and;
    %flag_set/vec4 8;
    %jmp/0xz  T_0.6, 8;
    %pushi/vec4 251, 0, 8;
    %store/vec4 v000002497d643ba0_0, 0, 8;
    %jmp T_0.7;
T_0.6 ;
    %load/vec4 v000002497d586e90_0;
    %parti/s 1, 2, 3;
    %pushi/vec4 0, 0, 1;
    %cmp/e;
    %flag_get/vec4 4;
    %load/vec4 v000002497d586e90_0;
    %parti/s 1, 1, 2;
    %pushi/vec4 1, 0, 1;
    %cmp/e;
    %flag_get/vec4 4;
    %and;
    %load/vec4 v000002497d586e90_0;
    %parti/s 1, 0, 2;
    %pushi/vec4 1, 0, 1;
    %cmp/e;
    %flag_get/vec4 4;
    %and;
    %flag_set/vec4 8;
    %jmp/0xz  T_0.8, 8;
    %pushi/vec4 247, 0, 8;
    %store/vec4 v000002497d643ba0_0, 0, 8;
    %jmp T_0.9;
T_0.8 ;
    %load/vec4 v000002497d586e90_0;
    %parti/s 1, 2, 3;
    %pushi/vec4 1, 0, 1;
    %cmp/e;
    %flag_get/vec4 4;
    %load/vec4 v000002497d586e90_0;
    %parti/s 1, 1, 2;
    %pushi/vec4 0, 0, 1;
    %cmp/e;
    %flag_get/vec4 4;
    %and;
    %load/vec4 v000002497d586e90_0;
    %parti/s 1, 0, 2;
    %pushi/vec4 0, 0, 1;
    %cmp/e;
    %flag_get/vec4 4;
    %and;
    %flag_set/vec4 8;
    %jmp/0xz  T_0.10, 8;
    %pushi/vec4 239, 0, 8;
    %store/vec4 v000002497d643ba0_0, 0, 8;
    %jmp T_0.11;
T_0.10 ;
    %load/vec4 v000002497d586e90_0;
    %parti/s 1, 2, 3;
    %pushi/vec4 1, 0, 1;
    %cmp/e;
    %flag_get/vec4 4;
    %load/vec4 v000002497d586e90_0;
    %parti/s 1, 1, 2;
    %pushi/vec4 0, 0, 1;
    %cmp/e;
    %flag_get/vec4 4;
    %and;
    %load/vec4 v000002497d586e90_0;
    %parti/s 1, 0, 2;
    %pushi/vec4 1, 0, 1;
    %cmp/e;
    %flag_get/vec4 4;
    %and;
    %flag_set/vec4 8;
    %jmp/0xz  T_0.12, 8;
    %pushi/vec4 223, 0, 8;
    %store/vec4 v000002497d643ba0_0, 0, 8;
    %jmp T_0.13;
T_0.12 ;
    %load/vec4 v000002497d586e90_0;
    %parti/s 1, 2, 3;
    %pushi/vec4 1, 0, 1;
    %cmp/e;
    %flag_get/vec4 4;
    %load/vec4 v000002497d586e90_0;
    %parti/s 1, 1, 2;
    %pushi/vec4 1, 0, 1;
    %cmp/e;
    %flag_get/vec4 4;
    %and;
    %load/vec4 v000002497d586e90_0;
    %parti/s 1, 0, 2;
    %pushi/vec4 0, 0, 1;
    %cmp/e;
    %flag_get/vec4 4;
    %and;
    %flag_set/vec4 8;
    %jmp/0xz  T_0.14, 8;
    %pushi/vec4 191, 0, 8;
    %store/vec4 v000002497d643ba0_0, 0, 8;
    %jmp T_0.15;
T_0.14 ;
    %load/vec4 v000002497d586e90_0;
    %parti/s 1, 2, 3;
    %pushi/vec4 1, 0, 1;
    %cmp/e;
    %flag_get/vec4 4;
    %load/vec4 v000002497d586e90_0;
    %parti/s 1, 1, 2;
    %pushi/vec4 1, 0, 1;
    %cmp/e;
    %flag_get/vec4 4;
    %and;
    %load/vec4 v000002497d586e90_0;
    %parti/s 1, 0, 2;
    %pushi/vec4 1, 0, 1;
    %cmp/e;
    %flag_get/vec4 4;
    %and;
    %flag_set/vec4 8;
    %jmp/0xz  T_0.16, 8;
    %pushi/vec4 127, 0, 8;
    %store/vec4 v000002497d643ba0_0, 0, 8;
    %jmp T_0.17;
T_0.16 ;
    %pushi/vec4 255, 255, 8;
    %store/vec4 v000002497d643ba0_0, 0, 8;
T_0.17 ;
T_0.15 ;
T_0.13 ;
T_0.11 ;
T_0.9 ;
T_0.7 ;
T_0.5 ;
T_0.3 ;
    %jmp T_0.1;
T_0.0 ;
    %pushi/vec4 255, 0, 8;
    %store/vec4 v000002497d643ba0_0, 0, 8;
T_0.1 ;
    %load/vec4 v000002497d643ba0_0;
    %inv;
    %store/vec4 v000002497d643b00_0, 0, 8;
    %jmp T_0;
    .thread T_0, $push;
    .scope S_000002497d6460d0;
T_1 ;
    %wait E_000002497d637d20;
    %load/vec4 v000002497d643d80_0;
    %cmpi/e 0, 0, 1;
    %jmp/0xz  T_1.0, 4;
    %load/vec4 v000002497d643c40_0;
    %store/vec4 v000002497d643e20_0, 0, 3;
    %jmp T_1.1;
T_1.0 ;
    %load/vec4 v000002497d643d80_0;
    %cmpi/e 1, 0, 1;
    %jmp/0xz  T_1.2, 4;
    %load/vec4 v000002497d643ce0_0;
    %store/vec4 v000002497d643e20_0, 0, 3;
    %jmp T_1.3;
T_1.2 ;
    %pushi/vec4 7, 7, 3;
    %store/vec4 v000002497d643e20_0, 0, 3;
T_1.3 ;
T_1.1 ;
    %jmp T_1;
    .thread T_1, $push;
# The file index is used to find the file name in the following table.
:file_names 3;
    "N/A";
    "<interactive>";
    "mux-dec.v";
