#! /c/Source/iverilog-install/bin/vvp
:ivl_version "12.0 (devel)" "(s20150603-1539-g2693dd32b)";
:ivl_delay_selection "TYPICAL";
:vpi_time_precision - 12;
:vpi_module "C:\iverilog\lib\ivl\system.vpi";
:vpi_module "C:\iverilog\lib\ivl\vhdl_sys.vpi";
:vpi_module "C:\iverilog\lib\ivl\vhdl_textio.vpi";
:vpi_module "C:\iverilog\lib\ivl\v2005_math.vpi";
:vpi_module "C:\iverilog\lib\ivl\va_math.vpi";
S_000002158fe57150 .scope module, "tb_div2or3" "tb_div2or3" 2 4;
 .timescale -9 -12;
v000002158feaf430_0 .var "clk_in", 0 0;
v000002158feafed0_0 .net "clk_out", 0 0, v000002158fe33030_0;  1 drivers
v000002158feaf4d0_0 .var "mod", 0 0;
S_000002158fe1e1c0 .scope module, "uut" "divBy2or3" 2 9, 3 4 0, S_000002158fe57150;
 .timescale -9 -9;
    .port_info 0 /INPUT 1 "clk_in";
    .port_info 1 /INPUT 1 "mod";
    .port_info 2 /OUTPUT 1 "Qb";
v000002158feaf390_0 .net "Qb", 0 0, v000002158fe33030_0;  alias, 1 drivers
v000002158feaf9d0_0 .net "and1_out", 0 0, L_000002158fe65f20;  1 drivers
v000002158feaf250_0 .net "and2_out", 0 0, L_000002158fe560d0;  1 drivers
v000002158feaf750_0 .net "clk_in", 0 0, v000002158feaf430_0;  1 drivers
v000002158feaf890_0 .net "dff1_out", 0 0, v000002158fe65e80_0;  1 drivers
v000002158feaf6b0_0 .net "dff1_outb", 0 0, v000002158fe65de0_0;  1 drivers
v000002158feafd90_0 .net "dff2_out", 0 0, v000002158fe330d0_0;  1 drivers
v000002158feaf570_0 .net "mod", 0 0, v000002158feaf4d0_0;  1 drivers
S_000002158fe1e350 .scope module, "and1" "and_gate" 3 14, 4 13 0, S_000002158fe1e1c0;
 .timescale 0 0;
    .port_info 0 /INPUT 1 "a";
    .port_info 1 /INPUT 1 "b";
    .port_info 2 /OUTPUT 1 "out";
L_000002158fe65f20 .functor AND 1, v000002158fe330d0_0, v000002158feaf4d0_0, C4<1>, C4<1>;
v000002158fe1bd80_0 .net "a", 0 0, v000002158fe330d0_0;  alias, 1 drivers
v000002158fe56030_0 .net "b", 0 0, v000002158feaf4d0_0;  alias, 1 drivers
v000002158fe1e4e0_0 .net "out", 0 0, L_000002158fe65f20;  alias, 1 drivers
S_000002158fe64d30 .scope module, "and2" "and_gate" 3 16, 4 13 0, S_000002158fe1e1c0;
 .timescale 0 0;
    .port_info 0 /INPUT 1 "a";
    .port_info 1 /INPUT 1 "b";
    .port_info 2 /OUTPUT 1 "out";
L_000002158fe560d0 .functor AND 1, v000002158fe33030_0, v000002158fe65de0_0, C4<1>, C4<1>;
v000002158fe1e580_0 .net "a", 0 0, v000002158fe33030_0;  alias, 1 drivers
v000002158fe64ec0_0 .net "b", 0 0, v000002158fe65de0_0;  alias, 1 drivers
v000002158fe64f60_0 .net "out", 0 0, L_000002158fe560d0;  alias, 1 drivers
S_000002158fe65b10 .scope module, "dff1" "posDFF" 3 15, 4 1 0, S_000002158fe1e1c0;
 .timescale 0 0;
    .port_info 0 /INPUT 1 "clk";
    .port_info 1 /INPUT 1 "in";
    .port_info 2 /OUTPUT 1 "out";
    .port_info 3 /OUTPUT 1 "not_out";
v000002158fe65ca0_0 .net "clk", 0 0, v000002158feaf430_0;  alias, 1 drivers
v000002158fe65d40_0 .net "in", 0 0, L_000002158fe65f20;  alias, 1 drivers
v000002158fe65de0_0 .var "not_out", 0 0;
v000002158fe65e80_0 .var "out", 0 0;
E_000002158fe6ab40 .event posedge, v000002158fe65ca0_0;
S_000002158fe32d60 .scope module, "dff2" "posDFF" 3 17, 4 1 0, S_000002158fe1e1c0;
 .timescale 0 0;
    .port_info 0 /INPUT 1 "clk";
    .port_info 1 /INPUT 1 "in";
    .port_info 2 /OUTPUT 1 "out";
    .port_info 3 /OUTPUT 1 "not_out";
v000002158fe32ef0_0 .net "clk", 0 0, v000002158feaf430_0;  alias, 1 drivers
v000002158fe32f90_0 .net "in", 0 0, L_000002158fe560d0;  alias, 1 drivers
v000002158fe33030_0 .var "not_out", 0 0;
v000002158fe330d0_0 .var "out", 0 0;
    .scope S_000002158fe65b10;
T_0 ;
    %wait E_000002158fe6ab40;
    %load/vec4 v000002158fe65d40_0;
    %assign/vec4 v000002158fe65e80_0, 0;
    %load/vec4 v000002158fe65d40_0;
    %inv;
    %assign/vec4 v000002158fe65de0_0, 0;
    %jmp T_0;
    .thread T_0;
    .scope S_000002158fe32d60;
T_1 ;
    %wait E_000002158fe6ab40;
    %load/vec4 v000002158fe32f90_0;
    %assign/vec4 v000002158fe330d0_0, 0;
    %load/vec4 v000002158fe32f90_0;
    %inv;
    %assign/vec4 v000002158fe33030_0, 0;
    %jmp T_1;
    .thread T_1;
    .scope S_000002158fe57150;
T_2 ;
    %pushi/vec4 0, 0, 1;
    %store/vec4 v000002158feaf430_0, 0, 1;
T_2.0 ;
    %delay 500, 0;
    %load/vec4 v000002158feaf430_0;
    %inv;
    %store/vec4 v000002158feaf430_0, 0, 1;
    %jmp T_2.0;
    %end;
    .thread T_2;
    .scope S_000002158fe57150;
T_3 ;
    %pushi/vec4 1, 0, 1;
    %store/vec4 v000002158feaf4d0_0, 0, 1;
    %delay 5000, 0;
    %pushi/vec4 0, 0, 1;
    %store/vec4 v000002158feaf4d0_0, 0, 1;
    %end;
    .thread T_3;
    .scope S_000002158fe57150;
T_4 ;
    %vpi_call 2 22 "$dumpfile", "divBy2or3.vcd" {0 0 0};
    %vpi_call 2 23 "$dumpvars", 32'sb00000000000000000000000000000000, S_000002158fe57150 {0 0 0};
    %end;
    .thread T_4;
    .scope S_000002158fe57150;
T_5 ;
    %delay 10000, 0;
    %vpi_call 2 26 "$finish" {0 0 0};
    %end;
    .thread T_5;
# The file index is used to find the file name in the following table.
:file_names 5;
    "N/A";
    "<interactive>";
    "tb_div2or3.v";
    "./div2or3.v";
    "./posDFF.v";
